{"name": "test_complete_purchase_path", "status": "broken", "statusDetails": {"message": "selenium.common.exceptions.TimeoutException: Message: \nStacktrace:\n#0 0x555555fcdaea <unknown>\n#1 0x555555a19cdb <unknown>\n#2 0x555555a6c6c4 <unknown>\n#3 0x555555a6c901 <unknown>\n#4 0x555555abb8b4 <unknown>\n#5 0x555555ab8c87 <unknown>\n#6 0x555555a5eaca <unknown>\n#7 0x555555a5f7d1 <unknown>\n#8 0x555555f94ab9 <unknown>\n#9 0x555555f97a8c <unknown>\n#10 0x555555f7dd49 <unknown>\n#11 0x555555f98685 <unknown>\n#12 0x555555f656c3 <unknown>\n#13 0x555555fba7d8 <unknown>\n#14 0x555555fba9b3 <unknown>\n#15 0x555555fcca83 <unknown>\n#16 0x7fffff1c3aa4 <unknown>\n#17 0x7fffff250a64 __clone", "trace": "driver = <selenium.webdriver.chrome.webdriver.WebDriver (session=\"4d70834fedc020888d48c51212956d87\")>\n\n    def test_complete_purchase_path(driver):  # Renommons la fonction pour refléter le parcours complet\n    \n        # Initialisation de TOUTES les Pages Objects nécessaires\n        login_page = LoginPage(driver)\n        products_page = ProductsPage(driver)\n        cart_page = CartPage(driver)\n        checkout_page = CheckoutPage(driver)  # NOUVEAU\n    \n        # --- 1. CONNEXION ET AJOUT (SETUP) ---\n        login_page.load()\n        login_page.login(VALID_USERNAME, VALID_PASSWORD)\n    \n        # NOUVEAU: TENTER DE GÉRER LE POP-UP IMMÉDIATEMENT APRÈS LA CONNEXION\n        login_page.handle_browser_popup()\n    \n>       products_page.add_backpack_to_cart()\n\ntests/test_sauce_login.py:26: \n_ _ _ _ _ _ _ _ _ _ _ _ _ _ _ _ _ _ _ _ _ _ _ _ _ _ _ _ _ _ _ _ _ _ _ _ _ _ _ _ \npages/products_page.py:38: in add_backpack_to_cart\n    self.wait.until(EC.visibility_of_element_located(self.REMOVE_BACKPACK))\n_ _ _ _ _ _ _ _ _ _ _ _ _ _ _ _ _ _ _ _ _ _ _ _ _ _ _ _ _ _ _ _ _ _ _ _ _ _ _ _ \n\nself = <selenium.webdriver.support.wait.WebDriverWait (session=\"4d70834fedc020888d48c51212956d87\")>\nmethod = <function visibility_of_element_located.<locals>._predicate at 0x7ffffcdd52d0>\nmessage = ''\n\n    def until(self, method: Callable[[D], Union[Literal[False], T]], message: str = \"\") -> T:\n        \"\"\"Wait until the method returns a value that is not False.\n    \n        Calls the method provided with the driver as an argument until the\n        return value does not evaluate to ``False``.\n    \n        Parameters:\n        -----------\n        method: callable(WebDriver)\n            - A callable object that takes a WebDriver instance as an argument.\n    \n        message: str\n            - Optional message for :exc:`TimeoutException`\n    \n        Return:\n        -------\n        object: T\n            - The result of the last call to `method`\n    \n        Raises:\n        -------\n        TimeoutException\n            - If 'method' does not return a truthy value within the WebDriverWait\n            object's timeout\n    \n        Example:\n        --------\n        >>> from selenium.webdriver.common.by import By\n        >>> from selenium.webdriver.support.ui import WebDriverWait\n        >>> from selenium.webdriver.support import expected_conditions as EC\n    \n        # Wait until an element is visible on the page\n        >>> wait = WebDriverWait(driver, 10)\n        >>> element = wait.until(EC.visibility_of_element_located((By.ID, \"exampleId\")))\n        >>> print(element.text)\n        \"\"\"\n        screen = None\n        stacktrace = None\n    \n        end_time = time.monotonic() + self._timeout\n        while True:\n            try:\n                value = method(self._driver)\n                if value:\n                    return value\n            except self._ignored_exceptions as exc:\n                screen = getattr(exc, \"screen\", None)\n                stacktrace = getattr(exc, \"stacktrace\", None)\n            if time.monotonic() > end_time:\n                break\n            time.sleep(self._poll)\n>       raise TimeoutException(message, screen, stacktrace)\nE       selenium.common.exceptions.TimeoutException: Message: \nE       Stacktrace:\nE       #0 0x555555fcdaea <unknown>\nE       #1 0x555555a19cdb <unknown>\nE       #2 0x555555a6c6c4 <unknown>\nE       #3 0x555555a6c901 <unknown>\nE       #4 0x555555abb8b4 <unknown>\nE       #5 0x555555ab8c87 <unknown>\nE       #6 0x555555a5eaca <unknown>\nE       #7 0x555555a5f7d1 <unknown>\nE       #8 0x555555f94ab9 <unknown>\nE       #9 0x555555f97a8c <unknown>\nE       #10 0x555555f7dd49 <unknown>\nE       #11 0x555555f98685 <unknown>\nE       #12 0x555555f656c3 <unknown>\nE       #13 0x555555fba7d8 <unknown>\nE       #14 0x555555fba9b3 <unknown>\nE       #15 0x555555fcca83 <unknown>\nE       #16 0x7fffff1c3aa4 <unknown>\nE       #17 0x7fffff250a64 __clone\n\n/home/seluser/venv/lib/python3.14/site-packages/selenium/webdriver/support/wait.py:138: TimeoutException"}, "attachments": [{"name": "stdout", "source": "106771fb-b776-49a3-87e8-83aad420acff-attachment.txt", "type": "text/plain"}], "start": 1765397475232, "stop": 1765397517831, "uuid": "f36ed892-6ae8-4829-8599-b9cabde0d448", "historyId": "20963392a4077c283fc6effa1f31f30a", "testCaseId": "20963392a4077c283fc6effa1f31f30a", "fullName": "tests.test_sauce_login#test_complete_purchase_path", "labels": [{"name": "parentSuite", "value": "tests"}, {"name": "suite", "value": "test_sauce_login"}, {"name": "host", "value": "e5cb600da6ec"}, {"name": "thread", "value": "1-MainThread"}, {"name": "framework", "value": "pytest"}, {"name": "language", "value": "cpython3"}, {"name": "package", "value": "tests.test_sauce_login"}], "titlePath": ["tests", "test_sauce_login.py"]}