{"name": "test_complete_purchase_path", "status": "failed", "statusDetails": {"message": "AssertionError: assert 0 == 2\n +  where 0 = get_number_of_items()\n +    where get_number_of_items = <pages.cart_page.CartPage object at 0x7ffffcdf5400>.get_number_of_items", "trace": "driver = <selenium.webdriver.chrome.webdriver.WebDriver (session=\"678f6facbde8da9e3fbe1b6626ebc280\")>\n\n    def test_complete_purchase_path(driver):  # Renommons la fonction pour refléter le parcours complet\n    \n        # Initialisation de TOUTES les Pages Objects nécessaires\n        login_page = LoginPage(driver)\n        products_page = ProductsPage(driver)\n        cart_page = CartPage(driver)\n        checkout_page = CheckoutPage(driver)  # NOUVEAU\n    \n        # --- 1. CONNEXION ET AJOUT (SETUP) ---\n        login_page.load()\n        login_page.login(VALID_USERNAME, VALID_PASSWORD)\n    \n        # NOUVEAU: TENTER DE GÉRER LE POP-UP IMMÉDIATEMENT APRÈS LA CONNEXION\n        login_page.handle_browser_popup()\n    \n        products_page.add_backpack_to_cart()\n        products_page.add_bikelight_to_cart()\n    \n        # --- 2. VÉRIFICATION DU PANIER ---\n        products_page.go_to_cart()\n    \n        # Assertion 1 : Le nombre d'articles affichés doit être 2\n>       assert cart_page.get_number_of_items() == 2\nE       assert 0 == 2\nE        +  where 0 = get_number_of_items()\nE        +    where get_number_of_items = <pages.cart_page.CartPage object at 0x7ffffcdf5400>.get_number_of_items\n\ntests/test_sauce_login.py:33: AssertionError"}, "attachments": [{"name": "stdout", "source": "f80e0d19-6609-4910-8a79-9edfc4b39b27-attachment.txt", "type": "text/plain"}], "start": 1765399265909, "stop": 1765399308595, "uuid": "b84e9291-1d93-4c20-9388-b822c6af8cf4", "historyId": "20963392a4077c283fc6effa1f31f30a", "testCaseId": "20963392a4077c283fc6effa1f31f30a", "fullName": "tests.test_sauce_login#test_complete_purchase_path", "labels": [{"name": "parentSuite", "value": "tests"}, {"name": "suite", "value": "test_sauce_login"}, {"name": "host", "value": "adee34eb8a1b"}, {"name": "thread", "value": "1-MainThread"}, {"name": "framework", "value": "pytest"}, {"name": "language", "value": "cpython3"}, {"name": "package", "value": "tests.test_sauce_login"}], "titlePath": ["tests", "test_sauce_login.py"]}